[
  {
    "timestamp": "2025-09-08T12:50:00Z",
    "agent_id": "test-agent-001",
    "event_type": "process_creation",
    "event_data": {
      "EventID": 1,
      "Image": "C:\\Windows\\System32\\WindowsPowerShell\\v1.0\\powershell.exe",
      "CommandLine": "powershell.exe -ep bypass -e SQBuAHYAbwBrAGUALQBXAGUAYgBSAGUAcQB1AGUAcwB0AA==",
      "ProcessId": 4567,
      "ParentProcessId": 1234,
      "ParentImage": "C:\\Windows\\System32\\cmd.exe",
      "User": "WORKSTATION\\user",
      "LogonId": "0x12345",
      "IntegrityLevel": "Medium",
      "ProcessGuid": "{12345678-1234-5678-9012-123456789012}",
      "ParentProcessGuid": "{87654321-4321-8765-2109-210987654321}",
      "CurrentDirectory": "C:\\Users\\user\\Desktop\\",
      "UtcTime": "2025-09-08 12:50:00.123",
      "Hashes": "SHA256=ABC123DEF456789...",
      "Category": "process_creation",
      "Product": "windows"
    },
    "severity": "medium",
    "source": "sysmon"
  },
  {
    "timestamp": "2025-09-08T12:51:00Z",
    "agent_id": "test-agent-001", 
    "event_type": "process_creation",
    "event_data": {
      "EventID": 1,
      "Image": "C:\\Windows\\System32\\WindowsPowerShell\\v1.0\\powershell.exe",
      "CommandLine": "powershell.exe -EncodedCommand JABhAD0AIgBJAG4AdgBvAGsAZQAtAFcAZQBiAFIAZQBxAHUAZQBzAHQAIgA=",
      "ProcessId": 5678,
      "ParentProcessId": 1234,
      "ParentImage": "C:\\Windows\\System32\\cmd.exe",
      "User": "WORKSTATION\\user", 
      "LogonId": "0x12346",
      "IntegrityLevel": "Medium",
      "ProcessGuid": "{12345678-1234-5678-9012-123456789013}",
      "ParentProcessGuid": "{87654321-4321-8765-2109-210987654321}",
      "CurrentDirectory": "C:\\Users\\user\\Desktop\\",
      "UtcTime": "2025-09-08 12:51:00.456",
      "Hashes": "SHA256=DEF456GHI789012...",
      "Category": "process_creation",
      "Product": "windows"
    },
    "severity": "high",
    "source": "sysmon"
  },
  {
    "timestamp": "2025-09-08T12:52:00Z",
    "agent_id": "test-agent-001",
    "event_type": "process_creation", 
    "event_data": {
      "EventID": 1,
      "Image": "C:\\Windows\\System32\\notepad.exe",
      "CommandLine": "notepad.exe C:\\Users\\user\\Documents\\notes.txt",
      "ProcessId": 6789,
      "ParentProcessId": 2345,
      "ParentImage": "C:\\Windows\\explorer.exe",
      "User": "WORKSTATION\\user",
      "LogonId": "0x12347", 
      "IntegrityLevel": "Medium",
      "ProcessGuid": "{12345678-1234-5678-9012-123456789014}",
      "ParentProcessGuid": "{87654321-4321-8765-2109-210987654322}",
      "CurrentDirectory": "C:\\Users\\user\\Documents\\",
      "UtcTime": "2025-09-08 12:52:00.789",
      "Hashes": "SHA256=GHI789JKL012345...",
      "Category": "process_creation",
      "Product": "windows"
    },
    "severity": "info",
    "source": "sysmon"
  }
]
