[
  {
    "timestamp": "2025-09-08T12:50:00Z",
    "host": "test-workstation",
    "source": "sysmon",
    "message": "Process Creation",
    "level": "info",
    "event_id": 1,
    "channel": "Microsoft-Windows-Sysmon/Operational",
    "computer": "WORKSTATION",
    "provider": "Microsoft-Windows-Sysmon",
    "process_id": "4567",
    "fields": {
      "Image": "C:\\Windows\\System32\\WindowsPowerShell\\v1.0\\powershell.exe",
      "CommandLine": "powershell.exe -ep bypass -e SQBuAHYAbwBrAGUALQBXAGUAYgBSAGUAcQB1AGUAcwB0AA==",
      "ProcessId": 4567,
      "ParentProcessId": 1234,
      "User": "WORKSTATION\\user",
      "Category": "process_creation",
      "Product": "windows"
    }
  },
  {
    "timestamp": "2025-09-08T12:51:00Z",
    "host": "test-workstation",
    "source": "sysmon",
    "message": "Process Creation",
    "level": "info",
    "event_id": 1,
    "channel": "Microsoft-Windows-Sysmon/Operational",
    "computer": "WORKSTATION",
    "provider": "Microsoft-Windows-Sysmon", 
    "process_id": "5678",
    "fields": {
      "Image": "C:\\Windows\\System32\\WindowsPowerShell\\v1.0\\powershell.exe",
      "CommandLine": "powershell.exe -EncodedCommand JABhAD0AIgBJAG4AdgBvAGsAZQAtAFcAZQBiAFIAZQBxAHUAZQBzAHQAIgA=",
      "ProcessId": 5678,
      "ParentProcessId": 1234,
      "User": "WORKSTATION\\user",
      "Category": "process_creation", 
      "Product": "windows"
    }
  },
  {
    "timestamp": "2025-09-08T12:52:00Z",
    "host": "test-workstation",
    "source": "sysmon",
    "message": "Process Creation", 
    "level": "info",
    "event_id": 1,
    "channel": "Microsoft-Windows-Sysmon/Operational",
    "computer": "WORKSTATION",
    "provider": "Microsoft-Windows-Sysmon",
    "process_id": "6789",
    "fields": {
      "Image": "C:\\Windows\\System32\\notepad.exe",
      "CommandLine": "notepad.exe C:\\Users\\user\\Documents\\notes.txt",
      "ProcessId": 6789,
      "ParentProcessId": 2345,
      "User": "WORKSTATION\\user",
      "Category": "process_creation",
      "Product": "windows"
    }
  }
]
